2026-02-27 20:02:12,889 [INFO] 开始迁移: phase=contract
2026-02-27 20:02:12,890 [INFO] === PHASE 3: 迁移合同 (contract → contracts) ===
2026-02-27 20:02:13,145 [INFO]   读取 18207 条合同记录（含委托链）
2026-02-27 20:02:13,155 [INFO]   拓扑排序完成，共 18207 条
2026-02-27 20:02:14,735 [INFO]     已提交 500 条...
2026-02-27 20:02:16,282 [INFO]     已提交 1000 条...
2026-02-27 20:02:17,843 [INFO]     已提交 1500 条...
2026-02-27 20:02:19,404 [INFO]     已提交 2000 条...
2026-02-27 20:02:20,930 [INFO]     已提交 2500 条...
2026-02-27 20:02:22,470 [INFO]     已提交 3000 条...
2026-02-27 20:02:24,090 [INFO]     已提交 3500 条...
2026-02-27 20:02:25,795 [INFO]     已提交 4000 条...
2026-02-27 20:02:27,313 [INFO]     已提交 4500 条...
2026-02-27 20:02:28,853 [INFO]     已提交 5000 条...
2026-02-27 20:02:30,398 [INFO]     已提交 5500 条...
2026-02-27 20:02:31,971 [INFO]     已提交 6000 条...
2026-02-27 20:02:33,476 [INFO]     已提交 6500 条...
2026-02-27 20:02:34,957 [INFO]     已提交 7000 条...
2026-02-27 20:02:36,373 [INFO]     已提交 7500 条...
2026-02-27 20:02:38,008 [INFO]     已提交 8000 条...
2026-02-27 20:02:39,639 [INFO]     已提交 8500 条...
2026-02-27 20:02:41,245 [INFO]     已提交 9000 条...
2026-02-27 20:02:42,765 [INFO]     已提交 9500 条...
2026-02-27 20:02:44,349 [INFO]     已提交 10000 条...
2026-02-27 20:02:45,872 [INFO]     已提交 10500 条...
2026-02-27 20:02:47,384 [INFO]     已提交 11000 条...
2026-02-27 20:02:48,849 [INFO]     已提交 11500 条...
2026-02-27 20:02:50,383 [INFO]     已提交 12000 条...
2026-02-27 20:02:51,960 [INFO]     已提交 12500 条...
2026-02-27 20:02:53,564 [INFO]     已提交 13000 条...
2026-02-27 20:02:55,077 [INFO]     已提交 13500 条...
2026-02-27 20:02:56,561 [INFO]     已提交 14000 条...
2026-02-27 20:02:58,041 [INFO]     已提交 14500 条...
2026-02-27 20:02:59,548 [INFO]     已提交 15000 条...
2026-02-27 20:03:01,026 [INFO]     已提交 15500 条...
2026-02-27 20:03:02,597 [INFO]     已提交 16000 条...
2026-02-27 20:03:04,139 [INFO]     已提交 16500 条...
2026-02-27 20:03:05,599 [INFO]     已提交 17000 条...
2026-02-27 20:03:07,079 [INFO]     已提交 17500 条...
2026-02-27 20:03:08,549 [INFO]     已提交 18000 条...
2026-02-27 20:03:09,156 [INFO]   ✓ 合同迁移完成: 18207/18207
2026-02-27 20:03:09,540 [INFO]   委托链深度分布:
2026-02-27 20:03:09,540 [INFO]     深度 1: 17693 条合同
2026-02-27 20:03:09,540 [INFO]     深度 2: 500 条合同
2026-02-27 20:03:09,540 [INFO]     深度 3: 14 条合同
2026-02-27 20:03:09,541 [INFO] 迁移完成，耗时 56.7s
