2026-02-27 19:54:09,157 [INFO] 开始迁移: phase=contract
2026-02-27 19:54:09,157 [INFO] === PHASE 3: 迁移合同 (contract → contracts) ===
2026-02-27 19:54:09,454 [INFO]   读取 18207 条合同记录（含委托链）
2026-02-27 19:54:09,463 [INFO]   拓扑排序完成，共 18207 条
2026-02-27 19:54:11,673 [INFO]     已提交 500 条...
2026-02-27 19:54:13,862 [INFO]     已提交 1000 条...
2026-02-27 19:54:15,908 [INFO]     已提交 1500 条...
2026-02-27 19:54:17,867 [INFO]     已提交 2000 条...
2026-02-27 19:54:19,826 [INFO]     已提交 2500 条...
2026-02-27 19:54:21,691 [INFO]     已提交 3000 条...
2026-02-27 19:54:24,366 [INFO]     已提交 3500 条...
2026-02-27 19:54:25,827 [INFO]     已提交 4000 条...
2026-02-27 19:54:27,289 [INFO]     已提交 4500 条...
2026-02-27 19:54:28,766 [INFO]     已提交 5000 条...
2026-02-27 19:54:30,167 [INFO]     已提交 5500 条...
2026-02-27 19:54:31,602 [INFO]     已提交 6000 条...
2026-02-27 19:54:33,015 [INFO]     已提交 6500 条...
2026-02-27 19:54:34,451 [INFO]     已提交 7000 条...
2026-02-27 19:54:35,882 [INFO]     已提交 7500 条...
2026-02-27 19:54:37,309 [INFO]     已提交 8000 条...
2026-02-27 19:54:38,738 [INFO]     已提交 8500 条...
2026-02-27 19:54:40,184 [INFO]     已提交 9000 条...
2026-02-27 19:54:41,634 [INFO]     已提交 9500 条...
2026-02-27 19:54:43,057 [INFO]     已提交 10000 条...
2026-02-27 19:54:44,473 [INFO]     已提交 10500 条...
2026-02-27 19:54:45,917 [INFO]     已提交 11000 条...
2026-02-27 19:54:47,360 [INFO]     已提交 11500 条...
2026-02-27 19:54:48,840 [INFO]     已提交 12000 条...
2026-02-27 19:54:50,274 [INFO]     已提交 12500 条...
2026-02-27 19:54:51,661 [INFO]     已提交 13000 条...
2026-02-27 19:54:53,076 [INFO]     已提交 13500 条...
2026-02-27 19:54:54,510 [INFO]     已提交 14000 条...
2026-02-27 19:54:55,907 [INFO]     已提交 14500 条...
2026-02-27 19:54:57,341 [INFO]     已提交 15000 条...
2026-02-27 19:54:58,779 [INFO]     已提交 15500 条...
2026-02-27 19:55:00,229 [INFO]     已提交 16000 条...
2026-02-27 19:55:01,747 [INFO]     已提交 16500 条...
2026-02-27 19:55:03,231 [INFO]     已提交 17000 条...
2026-02-27 19:55:04,706 [INFO]     已提交 17500 条...
2026-02-27 19:55:06,182 [INFO]     已提交 18000 条...
2026-02-27 19:55:06,819 [INFO]   ✓ 合同迁移完成: 18207/18207
2026-02-27 19:55:07,035 [INFO]   委托链深度分布:
2026-02-27 19:55:07,035 [INFO]     深度 1: 17693 条合同
2026-02-27 19:55:07,035 [INFO]     深度 2: 500 条合同
2026-02-27 19:55:07,036 [INFO]     深度 3: 14 条合同
2026-02-27 19:55:07,036 [INFO] 迁移完成，耗时 57.9s
